<?xml version="1.0" encoding="UTF-8"?>
<!-- Generated by org.testng.reporters.JUnitReportReporter -->
<testsuite hostname="DESKTOP-S59UCKE" name="BasicTesting.Test_1" tests="1" failures="0" timestamp="26 May 2021 18:57:49 GMT" time="0.001" errors="0">
  <testcase name="currTest" time="0.001" classname="BasicTesting.Test_1"/>
</testsuite> <!-- BasicTesting.Test_1 -->
